"AGEFSTM" "EDUCM" "INCOMED" "TAU"
"1" 16 12 0 -0.16860494343154
"2" 18 12 0 -0.159574785655977
"3" 19 12 0 -0.114822953027656
"4" 20 12 0 -0.116729468391066
"5" 21 12 0 -0.129009750048162
"6" 22 12 0 -0.127247937334811
"7" 24 12 0 -0.0681938357809133
"8" 26 12 0 -0.0957727544756892
"9" 16 12 6308.01652977 -0.273443738894701
"10" 18 12 6308.01652977 -0.267174705932567
"11" 19 12 6308.01652977 -0.242363940979365
"12" 20 12 6308.01652977 -0.278251248907961
"13" 21 12 6308.01652977 -0.318833159684031
"14" 22 12 6308.01652977 -0.320636623846727
"15" 24 12 6308.01652977 -0.202922825654921
"16" 26 12 6308.01652977 -0.231315733870628
"17" 16 12 14200.90909281 -0.231253901543312
"18" 18 12 14200.90909281 -0.223489193533592
"19" 19 12 14200.90909281 -0.196273936442302
"20" 20 12 14200.90909281 -0.214495660983761
"21" 21 12 14200.90909281 -0.250427033095399
"22" 22 12 14200.90909281 -0.251846939047149
"23" 24 12 14200.90909281 -0.151716657029456
"24" 26 12 14200.90909281 -0.194312812404709
"25" 16 12 18567.19008513 -0.179758196087125
"26" 18 12 18567.19008513 -0.157224448145669
"27" 19 12 18567.19008513 -0.121962312500684
"28" 20 12 18567.19008513 -0.127581193351834
"29" 21 12 18567.19008513 -0.159168616450802
"30" 22 12 18567.19008513 -0.167846827956257
"31" 24 12 18567.19008513 -0.0641701648007649
"32" 26 12 18567.19008513 -0.118764228712815
"33" 16 12 21002.23140777 -0.199828020434643
"34" 18 12 21002.23140777 -0.196181726284859
"35" 19 12 21002.23140777 -0.166547256479569
"36" 20 12 21002.23140777 -0.179580146282165
"37" 21 12 21002.23140777 -0.221407284197848
"38" 22 12 21002.23140777 -0.22827272986568
"39" 24 12 21002.23140777 -0.11369017307602
"40" 26 12 21002.23140777 -0.1642694614688
"41" 16 12 24675.78512727 -0.186873199321009
"42" 18 12 24675.78512727 -0.170603387123249
"43" 19 12 24675.78512727 -0.137471525663043
"44" 20 12 24675.78512727 -0.154812779379938
"45" 21 12 24675.78512727 -0.191144131227926
"46" 22 12 24675.78512727 -0.203811575503615
"47" 24 12 24675.78512727 -0.0718018759696031
"48" 26 12 24675.78512727 -0.137631144287132
"49" 16 12 27089.83471437 -0.192482170813924
"50" 18 12 27089.83471437 -0.17167348016595
"51" 19 12 27089.83471437 -0.142184987487363
"52" 20 12 27089.83471437 -0.160331614370968
"53" 21 12 27089.83471437 -0.192405719123437
"54" 22 12 27089.83471437 -0.204104007980551
"55" 24 12 27089.83471437 -0.0685866134649991
"56" 26 12 27089.83471437 -0.136959318913656
"57" 16 12 29398.92562377 -0.200511297705978
"58" 18 12 29398.92562377 -0.182116386951897
"59" 19 12 29398.92562377 -0.152793346850187
"60" 20 12 29398.92562377 -0.178016072033158
"61" 21 12 29398.92562377 -0.210109445802504
"62" 22 12 29398.92562377 -0.219414974164426
"63" 24 12 29398.92562377 -0.0807387531617818
"64" 26 12 29398.92562377 -0.146148544675279
"65" 16 12 31498.09917777 -0.17965180143167
"66" 18 12 31498.09917777 -0.16327895415912
"67" 19 12 31498.09917777 -0.138214861167205
"68" 20 12 31498.09917777 -0.163118502842544
"69" 21 12 31498.09917777 -0.196772094038188
"70" 22 12 31498.09917777 -0.20902870768151
"71" 24 12 31498.09917777 -0.0633683675167287
"72" 26 12 31498.09917777 -0.138097753246029
"73" 16 12 33597.27273177 -0.197630590467452
"74" 18 12 33597.27273177 -0.185886996574034
"75" 19 12 33597.27273177 -0.16319454960359
"76" 20 12 33597.27273177 -0.191656911145068
"77" 21 12 33597.27273177 -0.216646107399132
"78" 22 12 33597.27273177 -0.226870960629726
"79" 24 12 33597.27273177 -0.0750946212517718
"80" 26 12 33597.27273177 -0.153189201231049
"81" 16 12 36179.25620319 -0.189774879982567
"82" 18 12 36179.25620319 -0.171267135300006
"83" 19 12 36179.25620319 -0.14477598398277
"84" 20 12 36179.25620319 -0.175849676626983
"85" 21 12 36179.25620319 -0.199762339102532
"86" 22 12 36179.25620319 -0.207743888209589
"87" 24 12 36179.25620319 -0.0623369796639713
"88" 26 12 36179.25620319 -0.153074945681286
"89" 16 12 38215.45455057 -0.161054642778093
"90" 18 12 38215.45455057 -0.140813512517449
"91" 19 12 38215.45455057 -0.12641487413331
"92" 20 12 38215.45455057 -0.153835950668328
"93" 21 12 38215.45455057 -0.168812537477654
"94" 22 12 38215.45455057 -0.181240110533648
"95" 24 12 38215.45455057 -0.0393621948934283
"96" 26 12 38215.45455057 -0.126011257645639
"97" 16 12 41259.25620387 -0.158591813918025
"98" 18 12 41259.25620387 -0.145788302101228
"99" 19 12 41259.25620387 -0.134317427370416
"100" 20 12 41259.25620387 -0.169913475414562
"101" 21 12 41259.25620387 -0.179520887007839
"102" 22 12 41259.25620387 -0.198009945940538
"103" 24 12 41259.25620387 -0.0641627332891232
"104" 26 12 41259.25620387 -0.127040334003225
"105" 16 12 42602.72727843 -0.200951424160142
"106" 18 12 42602.72727843 -0.195469179076619
"107" 19 12 42602.72727843 -0.19109639618743
"108" 20 12 42602.72727843 -0.228577462234477
"109" 21 12 42602.72727843 -0.232469105920789
"110" 22 12 42602.72727843 -0.254753823470035
"111" 24 12 42602.72727843 -0.110431342519161
"112" 26 12 42602.72727843 -0.169859136203248
"113" 16 12 46192.31405577 -0.173815140746752
"114" 18 12 46192.31405577 -0.162021809128027
"115" 19 12 46192.31405577 -0.158647338494856
"116" 20 12 46192.31405577 -0.199093192503443
"117" 21 12 46192.31405577 -0.215881518022908
"118" 22 12 46192.31405577 -0.239608174390156
"119" 24 12 46192.31405577 -0.111573355559438
"120" 26 12 46192.31405577 -0.158896993525668
"121" 16 12 49341.07438677 -0.145210111762359
"122" 18 12 49341.07438677 -0.126429316343273
"123" 19 12 49341.07438677 -0.129129924969593
"124" 20 12 49341.07438677 -0.161840845836002
"125" 21 12 49341.07438677 -0.164949866477225
"126" 22 12 49341.07438677 -0.181417210853128
"127" 24 12 49341.07438677 -0.0629288836873245
"128" 26 12 49341.07438677 -0.106498344055223
"129" 16 12 52489.83471777 -0.182301271691341
"130" 18 12 52489.83471777 -0.170098349138773
"131" 19 12 52489.83471777 -0.164499186393254
"132" 20 12 52489.83471777 -0.193261576103026
"133" 21 12 52489.83471777 -0.188014737795691
"134" 22 12 52489.83471777 -0.199282484691219
"135" 24 12 52489.83471777 -0.080810166455081
"136" 26 12 52489.83471777 -0.115974715067662
"137" 16 12 58787.35537977 -0.200458735198482
"138" 18 12 58787.35537977 -0.197657791762532
"139" 19 12 58787.35537977 -0.179811199644985
"140" 20 12 58787.35537977 -0.18232327654066
"141" 21 12 58787.35537977 -0.165626500123658
"142" 22 12 58787.35537977 -0.159119790319331
"143" 24 12 58787.35537977 -0.065276151771701
"144" 26 12 58787.35537977 -0.0828456568973959
"145" 16 12 67184.04959577 -0.110666324183296
"146" 18 12 67184.04959577 -0.0920208693688277
"147" 19 12 67184.04959577 -0.0738695087881857
"148" 20 12 67184.04959577 -0.0762101565199793
"149" 21 12 67184.04959577 -0.0632413375400101
"150" 22 12 67184.04959577 -0.0659907532643383
"151" 24 12 67184.04959577 0.0155895494292699
"152" 26 12 67184.04959577 -0.00140629499356678
"153" 16 12 96572.47935177 -0.0123999980589366
"154" 18 12 96572.47935177 0.0244165001142018
"155" 19 12 96572.47935177 0.026815965922645
"156" 20 12 96572.47935177 0.00971314754016115
"157" 21 12 96572.47935177 -0.00998653098425512
"158" 22 12 96572.47935177 -0.0277189304242173
"159" 24 12 96572.47935177 0.0180926220872096
"160" 26 12 96572.47935177 0.0123560263137194
"161" 20 7 0 -0.154927053687735
"162" 20 9 0 -0.0748451411374701
"163" 20 10 0 -0.0820652542973869
"164" 20 11 0 -0.0756166766063158
"165" 20 12 0 -0.116729468391066
"166" 20 13 0 -0.0742682980408983
"167" 20 14 0 -0.0566317172831031
"168" 20 15 0 -0.0784718718934106
"169" 20 16 0 -0.0468173523488323
"170" 20 17 0 -0.0782197179944654
"171" 20 7 6308.01652977 -0.247805201219595
"172" 20 9 6308.01652977 -0.193452851816888
"173" 20 10 6308.01652977 -0.218326237760089
"174" 20 11 6308.01652977 -0.210200808107614
"175" 20 12 6308.01652977 -0.278251248907961
"176" 20 13 6308.01652977 -0.226595468057283
"177" 20 14 6308.01652977 -0.22350390282841
"178" 20 15 6308.01652977 -0.267518443576686
"179" 20 16 6308.01652977 -0.222165865065738
"180" 20 17 6308.01652977 -0.247974034388132
"181" 20 7 14200.90909281 -0.223185639184487
"182" 20 9 14200.90909281 -0.162301841961486
"183" 20 10 14200.90909281 -0.185922441763274
"184" 20 11 14200.90909281 -0.163281747034923
"185" 20 12 14200.90909281 -0.214495660983761
"186" 20 13 14200.90909281 -0.171900082698139
"187" 20 14 14200.90909281 -0.180657406731589
"188" 20 15 14200.90909281 -0.226968316748459
"189" 20 16 14200.90909281 -0.183825697638362
"190" 20 17 14200.90909281 -0.226017723971666
"191" 20 7 18567.19008513 -0.194684840787586
"192" 20 9 18567.19008513 -0.102174755252836
"193" 20 10 18567.19008513 -0.117901080085243
"194" 20 11 18567.19008513 -0.0852094421292221
"195" 20 12 18567.19008513 -0.127581193351834
"196" 20 13 18567.19008513 -0.081288734968419
"197" 20 14 18567.19008513 -0.0938248202791066
"198" 20 15 18567.19008513 -0.154265217838136
"199" 20 16 18567.19008513 -0.111412856162905
"200" 20 17 18567.19008513 -0.17385759704482
"201" 20 7 21002.23140777 -0.226493689501769
"202" 20 9 21002.23140777 -0.136631205715143
"203" 20 10 21002.23140777 -0.163622433782821
"204" 20 11 21002.23140777 -0.12904118499617
"205" 20 12 21002.23140777 -0.179580146282165
"206" 20 13 21002.23140777 -0.131742453462678
"207" 20 14 21002.23140777 -0.145749357510603
"208" 20 15 21002.23140777 -0.202363122760675
"209" 20 16 21002.23140777 -0.161193649948044
"210" 20 17 21002.23140777 -0.226409528064407
"211" 20 7 24675.78512727 -0.21500561138181
"212" 20 9 24675.78512727 -0.125729567287996
"213" 20 10 24675.78512727 -0.153822232124726
"214" 20 11 24675.78512727 -0.11068520864354
"215" 20 12 24675.78512727 -0.154812779379938
"216" 20 13 24675.78512727 -0.107722724050849
"217" 20 14 24675.78512727 -0.135848322813464
"218" 20 15 24675.78512727 -0.197791754793691
"219" 20 16 24675.78512727 -0.155000744409513
"220" 20 17 24675.78512727 -0.224220782737403
"221" 20 7 27089.83471437 -0.239546724228383
"222" 20 9 27089.83471437 -0.141002391580107
"223" 20 10 27089.83471437 -0.166564184774513
"224" 20 11 27089.83471437 -0.113457614277632
"225" 20 12 27089.83471437 -0.160331614370968
"226" 20 13 27089.83471437 -0.113420804953875
"227" 20 14 27089.83471437 -0.152356675663186
"228" 20 15 27089.83471437 -0.215315973352063
"229" 20 16 27089.83471437 -0.164560319483936
"230" 20 17 27089.83471437 -0.235630611914717
"231" 20 7 29398.92562377 -0.258920392432034
"232" 20 9 29398.92562377 -0.16777133427121
"233" 20 10 29398.92562377 -0.195400455717561
"234" 20 11 29398.92562377 -0.135604449708768
"235" 20 12 29398.92562377 -0.178016072033158
"236" 20 13 29398.92562377 -0.133107344404014
"237" 20 14 29398.92562377 -0.164875814557218
"238" 20 15 29398.92562377 -0.22483989658762
"239" 20 16 29398.92562377 -0.171798746646679
"240" 20 17 29398.92562377 -0.241924735028761
"241" 20 7 31498.09917777 -0.250421933084617
"242" 20 9 31498.09917777 -0.158384953294074
"243" 20 10 31498.09917777 -0.187030338067188
"244" 20 11 31498.09917777 -0.120107475635732
"245" 20 12 31498.09917777 -0.163118502842544
"246" 20 13 31498.09917777 -0.117052665150445
"247" 20 14 31498.09917777 -0.154070369857538
"248" 20 15 31498.09917777 -0.210752186354746
"249" 20 16 31498.09917777 -0.164804367965578
"250" 20 17 31498.09917777 -0.233346686192157
"251" 20 7 33597.27273177 -0.255571069886317
"252" 20 9 33597.27273177 -0.171306719687151
"253" 20 10 33597.27273177 -0.202396031775478
"254" 20 11 33597.27273177 -0.142776588993312
"255" 20 12 33597.27273177 -0.191656911145068
"256" 20 13 33597.27273177 -0.142024701837772
"257" 20 14 33597.27273177 -0.173574896953019
"258" 20 15 33597.27273177 -0.228718614592865
"259" 20 16 33597.27273177 -0.181250472490382
"260" 20 17 33597.27273177 -0.252552764282804
"261" 20 7 36179.25620319 -0.251145158524419
"262" 20 9 36179.25620319 -0.152773681204707
"263" 20 10 36179.25620319 -0.185413268183549
"264" 20 11 36179.25620319 -0.126363630353395
"265" 20 12 36179.25620319 -0.175849676626983
"266" 20 13 36179.25620319 -0.121833936543316
"267" 20 14 36179.25620319 -0.156481590670173
"268" 20 15 36179.25620319 -0.206251546504832
"269" 20 16 36179.25620319 -0.161423266361559
"270" 20 17 36179.25620319 -0.242304742690818
"271" 20 7 38215.45455057 -0.226118641964052
"272" 20 9 38215.45455057 -0.141489129820942
"273" 20 10 38215.45455057 -0.168878049675949
"274" 20 11 38215.45455057 -0.103864706800752
"275" 20 12 38215.45455057 -0.153835950668328
"276" 20 13 38215.45455057 -0.0953774561717173
"277" 20 14 38215.45455057 -0.137261775468355
"278" 20 15 38215.45455057 -0.183695000078569
"279" 20 16 38215.45455057 -0.140274717695138
"280" 20 17 38215.45455057 -0.212533558196447
"281" 20 7 41259.25620387 -0.235167167405576
"282" 20 9 41259.25620387 -0.150853418690892
"283" 20 10 41259.25620387 -0.17623151343337
"284" 20 11 41259.25620387 -0.110591480872597
"285" 20 12 41259.25620387 -0.169913475414562
"286" 20 13 41259.25620387 -0.10864843833898
"287" 20 14 41259.25620387 -0.145455630543365
"288" 20 15 41259.25620387 -0.185686543715841
"289" 20 16 41259.25620387 -0.149949864496737
"290" 20 17 41259.25620387 -0.225573119513447
"291" 20 7 42602.72727843 -0.264068783747804
"292" 20 9 42602.72727843 -0.188576157633559
"293" 20 10 42602.72727843 -0.226691944878468
"294" 20 11 42602.72727843 -0.165132087215167
"295" 20 12 42602.72727843 -0.228577462234477
"296" 20 13 42602.72727843 -0.170573477107405
"297" 20 14 42602.72727843 -0.205158848684422
"298" 20 15 42602.72727843 -0.243583562795397
"299" 20 16 42602.72727843 -0.206108790291892
"300" 20 17 42602.72727843 -0.2811158137789
"301" 20 7 46192.31405577 -0.242879842544659
"302" 20 9 46192.31405577 -0.166851304315442
"303" 20 10 46192.31405577 -0.200603752538241
"304" 20 11 46192.31405577 -0.135028691227577
"305" 20 12 46192.31405577 -0.199093192503443
"306" 20 13 46192.31405577 -0.153212918124166
"307" 20 14 46192.31405577 -0.195782502711614
"308" 20 15 46192.31405577 -0.225869232132461
"309" 20 16 46192.31405577 -0.195149458399849
"310" 20 17 46192.31405577 -0.265791445244488
"311" 20 7 49341.07438677 -0.212621377751383
"312" 20 9 49341.07438677 -0.131228310641983
"313" 20 10 49341.07438677 -0.159915987274469
"314" 20 11 49341.07438677 -0.107533733571273
"315" 20 12 49341.07438677 -0.161840845836002
"316" 20 13 49341.07438677 -0.127316286445181
"317" 20 14 49341.07438677 -0.166471925242154
"318" 20 15 49341.07438677 -0.193758008284904
"319" 20 16 49341.07438677 -0.166889898136131
"320" 20 17 49341.07438677 -0.233178986455761
"321" 20 7 52489.83471777 -0.216926838272918
"322" 20 9 52489.83471777 -0.143104334976203
"323" 20 10 52489.83471777 -0.187300575174416
"324" 20 11 52489.83471777 -0.131647606510292
"325" 20 12 52489.83471777 -0.193261576103026
"326" 20 13 52489.83471777 -0.158692637648422
"327" 20 14 52489.83471777 -0.188720564695974
"328" 20 15 52489.83471777 -0.211030415905053
"329" 20 16 52489.83471777 -0.182273945784977
"330" 20 17 52489.83471777 -0.248986381854894
"331" 20 7 58787.35537977 -0.182456762403828
"332" 20 9 58787.35537977 -0.119281789689737
"333" 20 10 58787.35537977 -0.154440726428825
"334" 20 11 58787.35537977 -0.112150857101812
"335" 20 12 58787.35537977 -0.18232327654066
"336" 20 13 58787.35537977 -0.16339545649857
"337" 20 14 58787.35537977 -0.190264840687595
"338" 20 15 58787.35537977 -0.196986162296461
"339" 20 16 58787.35537977 -0.170797384077714
"340" 20 17 58787.35537977 -0.225147001142716
"341" 20 7 67184.04959577 -0.122694418776138
"342" 20 9 67184.04959577 -0.0427466410932627
"343" 20 10 67184.04959577 -0.0641359530097229
"344" 20 11 67184.04959577 -0.0264204673027866
"345" 20 12 67184.04959577 -0.0762101565199793
"346" 20 13 67184.04959577 -0.0730709163080345
"347" 20 14 67184.04959577 -0.0985340180139307
"348" 20 15 67184.04959577 -0.0989818422254922
"349" 20 16 67184.04959577 -0.0824347510598475
"350" 20 17 67184.04959577 -0.133146801256605
"351" 20 7 96572.47935177 -0.0594425233016649
"352" 20 9 96572.47935177 0.0361185831301602
"353" 20 10 96572.47935177 0.0311030107617276
"354" 20 11 96572.47935177 0.0688716147945397
"355" 20 12 96572.47935177 0.00971314754016115
"356" 20 13 96572.47935177 0.0212527708642639
"357" 20 14 96572.47935177 -0.00237256941612794
"358" 20 15 96572.47935177 -0.0049009013031654
"359" 20 16 96572.47935177 0.0163686067643791
"360" 20 17 96572.47935177 -0.0376155666534176
